<?xml version="1.0" encoding="UTF-8"?>
<!-- Generated by org.testng.reporters.JUnitReportReporter -->
<testsuite skipped="0" hostname="admin-PC" name="manpack.fb" tests="3" failures="0" timestamp="05 Jan 2018 07:57:14 GMT" time="0.040" errors="0">
  <testcase name="openbrowser" time="0.003" classname="manpack.fb"/>
  <testcase name="loginfb" time="0.034" classname="manpack.fb"/>
  <testcase name="navtofacebook" time="0.003" classname="manpack.fb"/>
</testsuite> <!-- manpack.fb -->
