<?xml version="1.0" encoding="UTF-8"?>
<!-- Generated by org.testng.reporters.JUnitReportReporter -->
<testsuite skipped="0" hostname="admin-PC" name="manpack.gmail" tests="3" failures="0" timestamp="05 Jan 2018 07:58:54 GMT" time="0.036" errors="0">
  <testcase name="openbrowser" time="0.004" classname="manpack.gmail"/>
  <testcase name="logingmail" time="0.028" classname="manpack.gmail"/>
  <testcase name="navtogmail" time="0.004" classname="manpack.gmail"/>
</testsuite> <!-- manpack.gmail -->
