<?xml version="1.0" encoding="UTF-8"?>
<!-- Generated by org.testng.reporters.JUnitReportReporter -->
<testsuite skipped="0" hostname="admin-PC" name="manpack.hotmail" tests="3" failures="0" timestamp="05 Jan 2018 07:59:10 GMT" time="0.032" errors="0">
  <testcase name="openbrowser" time="0.002" classname="manpack.hotmail"/>
  <testcase name="loginhotmail" time="0.027" classname="manpack.hotmail"/>
  <testcase name="navtohotmail" time="0.003" classname="manpack.hotmail"/>
</testsuite> <!-- manpack.hotmail -->
